<?xml version="1.0" encoding="UTF-8"?>
<!-- Generated by org.testng.reporters.JUnitReportReporter -->
<testsuite hostname="TINDTHGANAL0027" name="ds_array.Arrfun" tests="1" failures="0" timestamp="23 Jul 2016 14:29:35 GMT" time="0.009" errors="0">
  <testcase name="findAllPairs" time="0.009" classname="ds_array.Arrfun"/>
</testsuite> <!-- ds_array.Arrfun -->
